# JRE version: OpenJDK Runtime Environment Microsoft-8035246 (17.0.8+7) (build 17.0.8+7-LTS)
# Java VM: OpenJDK 64-Bit Server VM Microsoft-8035246 (17.0.8+7-LTS, mixed mode, sharing, tiered, compressed oops, compressed class ptrs, g1 gc, windows-amd64)
GC Precious Log:
 CPUs: 4 total, 4 available
 Memory: 12122M
 Large Page Support: Disabled
 NUMA Support: Disabled
 Compressed Oops: Enabled (32-bit)
 Heap Region Size: 1M
 Heap Min Capacity: 8M
 Heap Initial Capacity: 190M
 Heap Max Capacity: 2G
 Pre-touch: Disabled
 Parallel Workers: 4
 Concurrent Workers: 1
 Concurrent Refinement Workers: 4
 Periodic GC: Disabled
Heap:
 garbage-first heap   total 512000K, used 372048K [0x0000000080000000, 0x0000000100000000)
  region size 1024K, 167 young (171008K), 22 survivors (22528K)
 Metaspace       used 112899K, committed 114368K, reserved 557056K
  class space    used 15364K, committed 16064K, reserved 425984K
GC Heap History (20 events):
Event: 35.932 GC heap before
{Heap before GC invocations=37 (full 0):
 garbage-first heap   total 256000K, used 200989K [0x0000000080000000, 0x0000000100000000)
  region size 1024K, 105 young (107520K), 2 survivors (2048K)
 Metaspace       used 88674K, committed 89536K, reserved 557056K
  class space    used 12256K, committed 12672K, reserved 425984K
}
Event: 35.945 GC heap after
{Heap after GC invocations=38 (full 0):
 garbage-first heap   total 256000K, used 113003K [0x0000000080000000, 0x0000000100000000)
  region size 1024K, 14 young (14336K), 14 survivors (14336K)
 Metaspace       used 88674K, committed 89536K, reserved 557056K
  class space    used 12256K, committed 12672K, reserved 425984K
}
Event: 37.468 GC heap before
{Heap before GC invocations=38 (full 0):
 garbage-first heap   total 256000K, used 194923K [0x0000000080000000, 0x0000000100000000)
  region size 1024K, 94 young (96256K), 14 survivors (14336K)
 Metaspace       used 91736K, committed 92736K, reserved 557056K
  class space    used 12668K, committed 13120K, reserved 425984K
}
Event: 37.493 GC heap after
{Heap after GC invocations=39 (full 0):
 garbage-first heap   total 256000K, used 129024K [0x0000000080000000, 0x0000000100000000)
  region size 1024K, 12 young (12288K), 12 survivors (12288K)
 Metaspace       used 91736K, committed 92736K, reserved 557056K
  class space    used 12668K, committed 13120K, reserved 425984K
}
Event: 39.070 GC heap before
{Heap before GC invocations=39 (full 0):
 garbage-first heap   total 256000K, used 201728K [0x0000000080000000, 0x0000000100000000)
  region size 1024K, 80 young (81920K), 12 survivors (12288K)
 Metaspace       used 94164K, committed 95232K, reserved 557056K
  class space    used 12992K, committed 13504K, reserved 425984K
}
Event: 39.094 GC heap after
{Heap after GC invocations=40 (full 0):
 garbage-first heap   total 256000K, used 146432K [0x0000000080000000, 0x0000000100000000)
  region size 1024K, 10 young (10240K), 10 survivors (10240K)
 Metaspace       used 94164K, committed 95232K, reserved 557056K
  class space    used 12992K, committed 13504K, reserved 425984K
}
Event: 40.556 GC heap before
{Heap before GC invocations=40 (full 0):
 garbage-first heap   total 256000K, used 202752K [0x0000000080000000, 0x0000000100000000)
  region size 1024K, 65 young (66560K), 10 survivors (10240K)
 Metaspace       used 98092K, committed 99264K, reserved 557056K
  class space    used 13515K, committed 14080K, reserved 425984K
}
Event: 40.578 GC heap after
{Heap after GC invocations=41 (full 0):
 garbage-first heap   total 256000K, used 155569K [0x0000000080000000, 0x0000000100000000)
  region size 1024K, 9 young (9216K), 9 survivors (9216K)
 Metaspace       used 98092K, committed 99264K, reserved 557056K
  class space    used 13515K, committed 14080K, reserved 425984K
}
Event: 41.854 GC heap before
{Heap before GC invocations=41 (full 0):
 garbage-first heap   total 256000K, used 207793K [0x0000000080000000, 0x0000000100000000)
  region size 1024K, 57 young (58368K), 9 survivors (9216K)
 Metaspace       used 98997K, committed 100224K, reserved 557056K
  class space    used 13630K, committed 14208K, reserved 425984K
}
Event: 41.873 GC heap after
{Heap after GC invocations=42 (full 0):
 garbage-first heap   total 256000K, used 171008K [0x0000000080000000, 0x0000000100000000)
  region size 1024K, 8 young (8192K), 8 survivors (8192K)
 Metaspace       used 98997K, committed 100224K, reserved 557056K
  class space    used 13630K, committed 14208K, reserved 425984K
}
Event: 42.711 GC heap before
{Heap before GC invocations=42 (full 0):
 garbage-first heap   total 256000K, used 208896K [0x0000000080000000, 0x0000000100000000)
  region size 1024K, 45 young (46080K), 8 survivors (8192K)
 Metaspace       used 100305K, committed 101504K, reserved 557056K
  class space    used 13783K, committed 14336K, reserved 425984K
}
Event: 42.739 GC heap after
{Heap after GC invocations=43 (full 0):
 garbage-first heap   total 256000K, used 179712K [0x0000000080000000, 0x0000000100000000)
  region size 1024K, 6 young (6144K), 6 survivors (6144K)
 Metaspace       used 100305K, committed 101504K, reserved 557056K
  class space    used 13783K, committed 14336K, reserved 425984K
}
Event: 43.491 GC heap before
{Heap before GC invocations=43 (full 0):
 garbage-first heap   total 256000K, used 210432K [0x0000000080000000, 0x0000000100000000)
  region size 1024K, 36 young (36864K), 6 survivors (6144K)
 Metaspace       used 101497K, committed 102784K, reserved 557056K
  class space    used 13938K, committed 14528K, reserved 425984K
}
Event: 43.509 GC heap after
{Heap after GC invocations=44 (full 0):
 garbage-first heap   total 256000K, used 185344K [0x0000000080000000, 0x0000000100000000)
  region size 1024K, 5 young (5120K), 5 survivors (5120K)
 Metaspace       used 101497K, committed 102784K, reserved 557056K
  class space    used 13938K, committed 14528K, reserved 425984K
}
Event: 44.069 GC heap before
{Heap before GC invocations=44 (full 0):
 garbage-first heap   total 256000K, used 212992K [0x0000000080000000, 0x0000000100000000)
  region size 1024K, 32 young (32768K), 5 survivors (5120K)
 Metaspace       used 103899K, committed 105152K, reserved 557056K
  class space    used 14317K, committed 14912K, reserved 425984K
}
Event: 44.086 GC heap after
{Heap after GC invocations=45 (full 0):
 garbage-first heap   total 256000K, used 188416K [0x0000000080000000, 0x0000000100000000)
  region size 1024K, 3 young (3072K), 3 survivors (3072K)
 Metaspace       used 103899K, committed 105152K, reserved 557056K
  class space    used 14317K, committed 14912K, reserved 425984K
}
Event: 44.634 GC heap before
{Heap before GC invocations=45 (full 0):
 garbage-first heap   total 256000K, used 216064K [0x0000000080000000, 0x0000000100000000)
  region size 1024K, 30 young (30720K), 3 survivors (3072K)
 Metaspace       used 106359K, committed 107648K, reserved 557056K
  class space    used 14604K, committed 15232K, reserved 425984K
}
Event: 44.645 GC heap after
{Heap after GC invocations=46 (full 0):
 garbage-first heap   total 512000K, used 192323K [0x0000000080000000, 0x0000000100000000)
  region size 1024K, 4 young (4096K), 4 survivors (4096K)
 Metaspace       used 106359K, committed 107648K, reserved 557056K
  class space    used 14604K, committed 15232K, reserved 425984K
}
Event: 47.277 GC heap before
{Heap before GC invocations=46 (full 0):
 garbage-first heap   total 512000K, used 368451K [0x0000000080000000, 0x0000000100000000)
  region size 1024K, 176 young (180224K), 4 survivors (4096K)
 Metaspace       used 111575K, committed 112960K, reserved 557056K
  class space    used 15214K, committed 15872K, reserved 425984K
}
Event: 47.319 GC heap after
{Heap after GC invocations=47 (full 0):
 garbage-first heap   total 512000K, used 221520K [0x0000000080000000, 0x0000000100000000)
  region size 1024K, 22 young (22528K), 22 survivors (22528K)
 Metaspace       used 111575K, committed 112960K, reserved 557056K
  class space    used 15214K, committed 15872K, reserved 425984K
}

